<?xml version="1.0" encoding="UTF-8"?>
<testsuite xmlns:xsi="http://www.w3.org/2001/XMLSchema-instance" xsi:noNamespaceSchemaLocation="https://maven.apache.org/surefire/maven-surefire-plugin/xsd/surefire-test-report-3.0.xsd" version="3.0" name="TestSuite" time="31.221" tests="88" errors="0" skipped="0" failures="0">
  <properties>
[...]
</properties>
  <testcase name="testAutoIDInvalid()" classname="AutoIDServiceTest" time="0.399">
    <system-err><![CDATA[Loading class `com.mysql.jdbc.Driver'. This is deprecated. The new driver class is `com.mysql.cj.jdbc.Driver'. The driver is automatically registered via the SPI and manual loading of the driver class is generally unnecessary.
]]></system-err>
  </testcase>
  <testcase name="testFields()" classname="addFlightTest" time="0.002"/>
  <testcase name="Address country, empty (Invalid))" classname="AddressTest" time="0.002"/>
  <testcase name="Address, no numbers (Invalid)" classname="AddressTest" time="0.001"/>
  <testcase name="Address state, empty (Invalid))" classname="AddressTest" time="0"/>
  <testcase name="Address city, empty (Invalid))" classname="AddressTest" time="0"/>
  <testcase name="Address, toString()" classname="AddressTest" time="0.001"/>
  <testcase name="Address zipCode, empty (Invalid))" classname="AddressTest" time="0.001"/>
  <testcase name="Address, valid" classname="AddressTest" time="0"/>
  <testcase name="Search by Customer ID, valid ID" classname="searchCustomerTest" time="0.06"/>
  <testcase name="Search by Customer ID, SQLException" classname="searchCustomerTest" time="0.009"/>
  <testcase name="Retrieve list of flights from India to Uk" classname="ticketTest" time="0.089"/>
  <testcase name="Valid seats" classname="AddTicketTest" time="0.002"/>
  <testcase name="Invalid seats, too many" classname="AddTicketTest" time="0.001"/>
  <testcase name="Invalid Date, improper format" classname="AddTicketTest" time="0"/>
  <testcase name="Valid price, numeric" classname="AddTicketTest" time="0"/>
  <testcase name="Valid Date, proper format" classname="AddTicketTest" time="0.001"/>
  <testcase name="Invalid seats, 0" classname="AddTicketTest" time="0"/>
  <testcase name="Invalid price, alphanumeric" classname="AddTicketTest" time="0"/>
  <testcase name="Just run - testing coverage" classname="userCreationTest" time="0"/>
  <testcase name="Change price based on number of seats" classname="ticketReportTest" time="0.026">
    <system-err><![CDATA[Apr 19, 2021 8:08:08 PM View.TicketReport LoadData
SEVERE: null
Model.Ticket$InvalidTicketInputException: Invalid number of seats.
	at Model.Ticket.setSeats(Ticket.java:49)
	at Model.Ticket.<init>(Ticket.java:111)
	at Service.TicketDao.GetTicketFromResultSet(TicketDao.java:96)
	at Service.TicketDao.getAll(TicketDao.java:79)
	at View.TicketReport.LoadData(TicketReport.java:83)
	at View.TicketReport.<init>(TicketReport.java:26)
	at Unit.View.ticketReportTest.beforeEach(ticketReportTest.java:16)
	at sun.reflect.NativeMethodAccessorImpl.invoke0(Native Method)
	at sun.reflect.NativeMethodAccessorImpl.invoke(NativeMethodAccessorImpl.java:62)
	at sun.reflect.DelegatingMethodAccessorImpl.invoke(DelegatingMethodAccessorImpl.java:43)
	at java.lang.reflect.Method.invoke(Method.java:498)
	at org.junit.platform.commons.util.ReflectionUtils.invokeMethod(ReflectionUtils.java:688)
	at org.junit.jupiter.engine.execution.MethodInvocation.proceed(MethodInvocation.java:60)
	at org.junit.jupiter.engine.execution.InvocationInterceptorChain$ValidatingInvocation.proceed(InvocationInterceptorChain.java:131)
	at org.junit.jupiter.engine.extension.TimeoutExtension.intercept(TimeoutExtension.java:149)
	at org.junit.jupiter.engine.extension.TimeoutExtension.interceptLifecycleMethod(TimeoutExtension.java:126)
	at org.junit.jupiter.engine.extension.TimeoutExtension.interceptBeforeEachMethod(TimeoutExtension.java:76)
	at org.junit.jupiter.engine.execution.ExecutableInvoker$ReflectiveInterceptorCall.lambda$ofVoidMethod$0(ExecutableInvoker.java:115)
	at org.junit.jupiter.engine.execution.ExecutableInvoker.lambda$invoke$0(ExecutableInvoker.java:105)
	at org.junit.jupiter.engine.execution.InvocationInterceptorChain$InterceptedInvocation.proceed(InvocationInterceptorChain.java:106)
	at org.junit.jupiter.engine.execution.InvocationInterceptorChain.proceed(InvocationInterceptorChain.java:64)
	at org.junit.jupiter.engine.execution.InvocationInterceptorChain.chainAndInvoke(InvocationInterceptorChain.java:45)
	at org.junit.jupiter.engine.execution.InvocationInterceptorChain.invoke(InvocationInterceptorChain.java:37)
	at org.junit.jupiter.engine.execution.ExecutableInvoker.invoke(ExecutableInvoker.java:104)
	at org.junit.jupiter.engine.execution.ExecutableInvoker.invoke(ExecutableInvoker.java:98)
	at org.junit.jupiter.engine.descriptor.ClassBasedTestDescriptor.invokeMethodInExtensionContext(ClassBasedTestDescriptor.java:490)
	at org.junit.jupiter.engine.descriptor.ClassBasedTestDescriptor.lambda$synthesizeBeforeEachMethodAdapter$19(ClassBasedTestDescriptor.java:475)
	at org.junit.jupiter.engine.descriptor.TestMethodTestDescriptor.lambda$invokeBeforeEachMethods$2(TestMethodTestDescriptor.java:167)
	at org.junit.jupiter.engine.descriptor.TestMethodTestDescriptor.lambda$invokeBeforeMethodsOrCallbacksUntilExceptionOccurs$5(TestMethodTestDescriptor.java:195)
	at org.junit.platform.engine.support.hierarchical.ThrowableCollector.execute(ThrowableCollector.java:73)
	at org.junit.jupiter.engine.descriptor.TestMethodTestDescriptor.invokeBeforeMethodsOrCallbacksUntilExceptionOccurs(TestMethodTestDescriptor.java:195)
	at org.junit.jupiter.engine.descriptor.TestMethodTestDescriptor.invokeBeforeEachMethods(TestMethodTestDescriptor.java:164)
	at org.junit.jupiter.engine.descriptor.TestMethodTestDescriptor.execute(TestMethodTestDescriptor.java:127)
	at org.junit.jupiter.engine.descriptor.TestMethodTestDescriptor.execute(TestMethodTestDescriptor.java:65)
	at org.junit.platform.engine.support.hierarchical.NodeTestTask.lambda$executeRecursively$5(NodeTestTask.java:139)
	at org.junit.platform.engine.support.hierarchical.ThrowableCollector.execute(ThrowableCollector.java:73)
	at org.junit.platform.engine.support.hierarchical.NodeTestTask.lambda$executeRecursively$7(NodeTestTask.java:129)
	at org.junit.platform.engine.support.hierarchical.Node.around(Node.java:137)
	at org.junit.platform.engine.support.hierarchical.NodeTestTask.lambda$executeRecursively$8(NodeTestTask.java:127)
	at org.junit.platform.engine.support.hierarchical.ThrowableCollector.execute(ThrowableCollector.java:73)
	at org.junit.platform.engine.support.hierarchical.NodeTestTask.executeRecursively(NodeTestTask.java:126)
	at org.junit.platform.engine.support.hierarchical.NodeTestTask.execute(NodeTestTask.java:84)
	at java.util.ArrayList.forEach(ArrayList.java:1259)
	at org.junit.platform.engine.support.hierarchical.SameThreadHierarchicalTestExecutorService.invokeAll(SameThreadHierarchicalTestExecutorService.java:38)
	at org.junit.platform.engine.support.hierarchical.NodeTestTask.lambda$executeRecursively$5(NodeTestTask.java:143)
	at org.junit.platform.engine.support.hierarchical.ThrowableCollector.execute(ThrowableCollector.java:73)
	at org.junit.platform.engine.support.hierarchical.NodeTestTask.lambda$executeRecursively$7(NodeTestTask.java:129)
	at org.junit.platform.engine.support.hierarchical.Node.around(Node.java:137)
	at org.junit.platform.engine.support.hierarchical.NodeTestTask.lambda$executeRecursively$8(NodeTestTask.java:127)
	at org.junit.platform.engine.support.hierarchical.ThrowableCollector.execute(ThrowableCollector.java:73)
	at org.junit.platform.engine.support.hierarchical.NodeTestTask.executeRecursively(NodeTestTask.java:126)
	at org.junit.platform.engine.support.hierarchical.NodeTestTask.execute(NodeTestTask.java:84)
	at java.util.ArrayList.forEach(ArrayList.java:1259)
	at org.junit.platform.engine.support.hierarchical.SameThreadHierarchicalTestExecutorService.invokeAll(SameThreadHierarchicalTestExecutorService.java:38)
	at org.junit.platform.engine.support.hierarchical.NodeTestTask.lambda$executeRecursively$5(NodeTestTask.java:143)
	at org.junit.platform.engine.support.hierarchical.ThrowableCollector.execute(ThrowableCollector.java:73)
	at org.junit.platform.engine.support.hierarchical.NodeTestTask.lambda$executeRecursively$7(NodeTestTask.java:129)
	at org.junit.platform.engine.support.hierarchical.Node.around(Node.java:137)
	at org.junit.platform.engine.support.hierarchical.NodeTestTask.lambda$executeRecursively$8(NodeTestTask.java:127)
	at org.junit.platform.engine.support.hierarchical.ThrowableCollector.execute(ThrowableCollector.java:73)
	at org.junit.platform.engine.support.hierarchical.NodeTestTask.executeRecursively(NodeTestTask.java:126)
	at org.junit.platform.engine.support.hierarchical.NodeTestTask.execute(NodeTestTask.java:84)
	at org.junit.platform.engine.support.hierarchical.SameThreadHierarchicalTestExecutorService.submit(SameThreadHierarchicalTestExecutorService.java:32)
	at org.junit.platform.engine.support.hierarchical.HierarchicalTestExecutor.execute(HierarchicalTestExecutor.java:57)
	at org.junit.platform.engine.support.hierarchical.HierarchicalTestEngine.execute(HierarchicalTestEngine.java:51)
	at org.junit.platform.launcher.core.DefaultLauncher.execute(DefaultLauncher.java:170)
	at org.junit.platform.launcher.core.DefaultLauncher.execute(DefaultLauncher.java:154)
	at org.junit.platform.launcher.core.DefaultLauncher.execute(DefaultLauncher.java:90)
	at org.junit.platform.runner.JUnitPlatform.run(JUnitPlatform.java:139)
	at org.apache.maven.surefire.junit4.JUnit4Provider.execute(JUnit4Provider.java:364)
	at org.apache.maven.surefire.junit4.JUnit4Provider.executeWithRerun(JUnit4Provider.java:272)
	at org.apache.maven.surefire.junit4.JUnit4Provider.executeTestSet(JUnit4Provider.java:237)
	at org.apache.maven.surefire.junit4.JUnit4Provider.invoke(JUnit4Provider.java:158)
	at org.apache.maven.surefire.booter.ForkedBooter.runSuitesInProcess(ForkedBooter.java:428)
	at org.apache.maven.surefire.booter.ForkedBooter.execute(ForkedBooter.java:162)
	at org.apache.maven.surefire.booter.ForkedBooter.run(ForkedBooter.java:562)
	at org.apache.maven.surefire.booter.ForkedBooter.main(ForkedBooter.java:548)

]]></system-err>
  </testcase>
  <testcase name="Just run - testing coverage" classname="addCustomerTest" time="0.044"/>
  <testcase name="arrival time, invalid (improper format)" classname="FlightTest" time="0.002"/>
  <testcase name="Update in database" classname="FlightTest" time="0.005"/>
  <testcase name="Id, invalid (Not enough digits)" classname="FlightTest" time="0.005"/>
  <testcase name="Id, invalid (Improper prefix)" classname="FlightTest" time="0.001"/>
  <testcase name="charge, invalid (alphabetic)" classname="FlightTest" time="0.001"/>
  <testcase name="date, invalid (improper format)" classname="FlightTest" time="0.001"/>
  <testcase name="Id, invalid (Too many digits)" classname="FlightTest" time="0.001"/>
  <testcase name="source location, invalid option" classname="FlightTest" time="0.001"/>
  <testcase name="Id, valid" classname="FlightTest" time="0.003"/>
  <testcase name="name, invalid (alphanumeric)" classname="FlightTest" time="0.002"/>
  <testcase name="departure location, invalid option" classname="FlightTest" time="0.002"/>
  <testcase name="departure time, invalid (improper format)" classname="FlightTest" time="0.002"/>
  <testcase name="testInvalidUsernameTooManyChar()" classname="UserTest" time="0.003">
    <system-out><![CDATA[Successfully initialized user. null Todd Bauer TBFlow testPassw0rd
]]></system-out>
  </testcase>
  <testcase name="testValidPassword()" classname="UserTest" time="0.002">
    <system-out><![CDATA[Successfully initialized user. null Todd Bauer TBFlow testPassw0rd
]]></system-out>
  </testcase>
  <testcase name="testUpdateInDatabase()" classname="UserTest" time="0.001">
    <system-out><![CDATA[Successfully initialized user. null Todd Bauer TBFlow testPassw0rd
]]></system-out>
  </testcase>
  <testcase name="testValidLastName()" classname="UserTest" time="0.002">
    <system-out><![CDATA[Successfully initialized user. null Todd Bauer TBFlow testPassw0rd
]]></system-out>
  </testcase>
  <testcase name="testNonUniqueUserName()" classname="UserTest" time="0.001">
    <system-out><![CDATA[Successfully initialized user. null Todd Bauer TBFlow testPassw0rd
]]></system-out>
  </testcase>
  <testcase name="Create user, pairwise for all valid and invalid inputs" classname="UserTest" time="0.003">
    <system-out><![CDATA[Successfully initialized user. null Todd Bauer TBFlow testPassw0rd
Successfully initialized user. null Todd Bauer TBFlow l33Tc0d3r
]]></system-out>
  </testcase>
  <testcase name="testValidUsername()" classname="UserTest" time="0.002">
    <system-out><![CDATA[Successfully initialized user. null Todd Bauer TBFlow testPassw0rd
]]></system-out>
  </testcase>
  <testcase name="testInvalidUsernameTooLittleChar()" classname="UserTest" time="0.002">
    <system-out><![CDATA[Successfully initialized user. null Todd Bauer TBFlow testPassw0rd
]]></system-out>
  </testcase>
  <testcase name="testInvalidLastNameNumbers()" classname="UserTest" time="0.001">
    <system-out><![CDATA[Successfully initialized user. null Todd Bauer TBFlow testPassw0rd
]]></system-out>
  </testcase>
  <testcase name="testUniqueUserName()" classname="UserTest" time="0.002">
    <system-out><![CDATA[Successfully initialized user. null Todd Bauer TBFlow testPassw0rd
]]></system-out>
  </testcase>
  <testcase name="testInvalidFirstNameNumbers()" classname="UserTest" time="0.001">
    <system-out><![CDATA[Successfully initialized user. null Todd Bauer TBFlow testPassw0rd
]]></system-out>
  </testcase>
  <testcase name="testValidFirstName()" classname="UserTest" time="0.001">
    <system-out><![CDATA[Successfully initialized user. null Todd Bauer TBFlow testPassw0rd
]]></system-out>
  </testcase>
  <testcase name="[1] 123451123(testInvalidPasswordNoLetters" classname="String)" time="0.013">
    <system-out><![CDATA[Successfully initialized user. null Todd Bauer TBFlow testPassw0rd
]]></system-out>
  </testcase>
  <testcase name="[2] ADFADFA12(testInvalidPasswordNoLetters" classname="String)" time="0.001">
    <system-out><![CDATA[Successfully initialized user. null Todd Bauer TBFlow testPassw0rd
]]></system-out>
  </testcase>
  <testcase name="[3] fadifjadijfaoijdsfoiajdsfoijadsoi1Pf(testInvalidPasswordNoLetters" classname="String)" time="0.001">
    <system-out><![CDATA[Successfully initialized user. null Todd Bauer TBFlow testPassw0rd
]]></system-out>
  </testcase>
  <testcase name="[4] a(testInvalidPasswordNoLetters" classname="String)" time="0.001">
    <system-out><![CDATA[Successfully initialized user. null Todd Bauer TBFlow testPassw0rd
]]></system-out>
  </testcase>
  <testcase name="[5] testpassw0rd(testInvalidPasswordNoLetters" classname="String)" time="0.001">
    <system-out><![CDATA[Successfully initialized user. null Todd Bauer TBFlow testPassw0rd
]]></system-out>
  </testcase>
  <testcase name="[6] testPassword(testInvalidPasswordNoLetters" classname="String)" time="0">
    <system-out><![CDATA[Successfully initialized user. null Todd Bauer TBFlow testPassw0rd
]]></system-out>
  </testcase>
  <testcase name="Last name, invalid numerical" classname="CustomerTest" time="0.002">
    <system-out><![CDATA[didSet address 123 Main Street Fort Myers Florida 33913 United States
]]></system-out>
  </testcase>
  <testcase name="First name, valid with dash and apostrophe" classname="CustomerTest" time="0.002">
    <system-out><![CDATA[didSet address 123 Main Street Fort Myers Florida 33913 United States
]]></system-out>
  </testcase>
  <testcase name="Passport, valid" classname="CustomerTest" time="0.002">
    <system-out><![CDATA[didSet address 123 Main Street Fort Myers Florida 33913 United States
]]></system-out>
  </testcase>
  <testcase name="Last name, valid" classname="CustomerTest" time="0.001">
    <system-out><![CDATA[didSet address 123 Main Street Fort Myers Florida 33913 United States
]]></system-out>
  </testcase>
  <testcase name="Last name, valid" classname="CustomerTest" time="0.002">
    <system-out><![CDATA[didSet address 123 Main Street Fort Myers Florida 33913 United States
]]></system-out>
  </testcase>
  <testcase name="Last name, valid" classname="CustomerTest" time="0.001">
    <system-out><![CDATA[didSet address 123 Main Street Fort Myers Florida 33913 United States
]]></system-out>
  </testcase>
  <testcase name="Last name, valid" classname="CustomerTest" time="0.001">
    <system-out><![CDATA[didSet address 123 Main Street Fort Myers Florida 33913 United States
]]></system-out>
  </testcase>
  <testcase name="NIC, invalid (Non-alphanumeric characters)" classname="CustomerTest" time="0.002">
    <system-out><![CDATA[didSet address 123 Main Street Fort Myers Florida 33913 United States
]]></system-out>
  </testcase>
  <testcase name="Last name, invalid (Numbers in name)" classname="CustomerTest" time="0.002">
    <system-out><![CDATA[didSet address 123 Main Street Fort Myers Florida 33913 United States
]]></system-out>
  </testcase>
  <testcase name="First name, valid" classname="CustomerTest" time="0.001">
    <system-out><![CDATA[didSet address 123 Main Street Fort Myers Florida 33913 United States
]]></system-out>
  </testcase>
  <testcase name="Passport, invalid (Non-alphanumeric characters)" classname="CustomerTest" time="0.001">
    <system-out><![CDATA[didSet address 123 Main Street Fort Myers Florida 33913 United States
]]></system-out>
  </testcase>
  <testcase name="First name, valid with dash" classname="CustomerTest" time="0.002">
    <system-out><![CDATA[didSet address 123 Main Street Fort Myers Florida 33913 United States
]]></system-out>
  </testcase>
  <testcase name="Phone number, numerical input under 14 characters" classname="CustomerTest" time="0.001">
    <system-out><![CDATA[didSet address 123 Main Street Fort Myers Florida 33913 United States
]]></system-out>
  </testcase>
  <testcase name="Gender, valid (Female)" classname="CustomerTest" time="0.002">
    <system-out><![CDATA[didSet address 123 Main Street Fort Myers Florida 33913 United States
]]></system-out>
  </testcase>
  <testcase name="NIC, valid" classname="CustomerTest" time="0.001">
    <system-out><![CDATA[didSet address 123 Main Street Fort Myers Florida 33913 United States
]]></system-out>
  </testcase>
  <testcase name="First name, invalid (Numbers in name)" classname="CustomerTest" time="0.002">
    <system-out><![CDATA[didSet address 123 Main Street Fort Myers Florida 33913 United States
]]></system-out>
  </testcase>
  <testcase name="First name, invalid (Numbers in name)" classname="CustomerTest" time="0.003">
    <system-out><![CDATA[didSet address 123 Main Street Fort Myers Florida 33913 United States
]]></system-out>
  </testcase>
  <testcase name="Date of birth, invalid (Illegal format)" classname="CustomerTest" time="0.002">
    <system-out><![CDATA[didSet address 123 Main Street Fort Myers Florida 33913 United States
]]></system-out>
  </testcase>
  <testcase name="Address, invalid" classname="CustomerTest" time="0.002">
    <system-out><![CDATA[didSet address 123 Main Street Fort Myers Florida 33913 United States
]]></system-out>
  </testcase>
  <testcase name="Address, valid" classname="CustomerTest" time="0.002">
    <system-out><![CDATA[didSet address 123 Main Street Fort Myers Florida 33913 United States
didSet address 123 Main Street Fort Myers Florida 33913 United States
]]></system-out>
  </testcase>
  <testcase name="First name, valid with apostrophe" classname="CustomerTest" time="0.002">
    <system-out><![CDATA[didSet address 123 Main Street Fort Myers Florida 33913 United States
]]></system-out>
  </testcase>
  <testcase name="Phone number, numerical input over 14 characters" classname="CustomerTest" time="0.002">
    <system-out><![CDATA[didSet address 123 Main Street Fort Myers Florida 33913 United States
]]></system-out>
  </testcase>
  <testcase name="Date of birth, valid" classname="CustomerTest" time="0.002">
    <system-out><![CDATA[didSet address 123 Main Street Fort Myers Florida 33913 United States
]]></system-out>
  </testcase>
  <testcase name="Phone number, numerical input under 7 characters" classname="CustomerTest" time="0.002">
    <system-out><![CDATA[didSet address 123 Main Street Fort Myers Florida 33913 United States
]]></system-out>
  </testcase>
  <testcase name="First name, invalid (Symbols in name)" classname="CustomerTest" time="0.001">
    <system-out><![CDATA[didSet address 123 Main Street Fort Myers Florida 33913 United States
]]></system-out>
  </testcase>
  <testcase name="Gender, invalid (Not Male or Female)" classname="CustomerTest" time="0.002">
    <system-out><![CDATA[didSet address 123 Main Street Fort Myers Florida 33913 United States
]]></system-out>
  </testcase>
  <testcase name="Gender, valid (Male)" classname="CustomerTest" time="0.002">
    <system-out><![CDATA[didSet address 123 Main Street Fort Myers Florida 33913 United States
]]></system-out>
  </testcase>
  <testcase name="testEmptyLogin()" classname="LoginTest" time="27.189"/>
  <testcase name="test()" classname="LoginTest" time="0.071"/>
  <testcase name="testInvalidLogin()" classname="LoginTest" time="1.256"/>
  <testcase name="updateCustomerInDB()" classname="CustomerDaoTest" time="0.834">
    <system-out><![CDATA[didSet address 123 S. Washington St. Fort Myers FL 33904 USA
]]></system-out>
  </testcase>
  <testcase name="addValidCustomerToDB()" classname="CustomerDaoTest" time="0.08">
    <system-out><![CDATA[didSet address 123 S. Washington St. Fort Myers FL 33904 USA
]]></system-out>
  </testcase>
  <testcase name="addValidTicketToDB()" classname="TicketDaoTest" time="0.001"/>
  <testcase name="updateTicketInDB()" classname="TicketDaoTest" time="0.001"/>
  <testcase name="addValidFlightToDB()" classname="FlightDaoTest" time="0.009"/>
  <testcase name="updateFlightInDB()" classname="FlightDaoTest" time="0.002"/>
</testsuite>