<?xml version="1.0" encoding="UTF-8" ?>
<testsuite tests="50" failures="0" name="TestSuite" time="1.973" errors="0" skipped="0">
  <properties>
[...]
</properties>
  <testcase classname="AddressTest" name="Address country, empty (Invalid))" time="0.009"/>
  <testcase classname="AddressTest" name="Address, no numbers (Invalid)" time="0"/>
  <testcase classname="AddressTest" name="Address state, empty (Invalid))" time="0"/>
  <testcase classname="AddressTest" name="Address city, empty (Invalid))" time="0"/>
  <testcase classname="AddressTest" name="Address, toString()" time="0"/>
  <testcase classname="AddressTest" name="Address zipCode, empty (Invalid))" time="0"/>
  <testcase classname="AddressTest" name="Address, valid" time="0.001"/>
  <testcase classname="AddTicketTest" name="Valid seats" time="0.185"/>
  <testcase classname="AddTicketTest" name="Invalid seats, 0" time="0.001"/>
  <testcase classname="AddTicketTest" name="Invalid seats, too many" time="0.001"/>
  <testcase classname="CustomerTest" name="Last name, invalid numerical" time="0.003"/>
  <testcase classname="CustomerTest" name="First name, valid with dash and apostrophe" time="0.002"/>
  <testcase classname="CustomerTest" name="Passport, valid" time="0.002"/>
  <testcase classname="CustomerTest" name="Last name, valid" time="0.003"/>
  <testcase classname="CustomerTest" name="Last name, valid" time="0.002"/>
  <testcase classname="CustomerTest" name="NIC, invalid (Non-alphanumeric characters)" time="0.002"/>
  <testcase classname="CustomerTest" name="Last name, invalid (Numbers in name)" time="0.002"/>
  <testcase classname="CustomerTest" name="First name, valid" time="0.003"/>
  <testcase classname="CustomerTest" name="Last name, valid" time="0.003"/>
  <testcase classname="CustomerTest" name="Passport, invalid (Non-alphanumeric characters)" time="0.003"/>
  <testcase classname="CustomerTest" name="First name, valid with dash" time="0.002"/>
  <testcase classname="CustomerTest" name="Phone number, numerical input under 14 characters" time="0.002"/>
  <testcase classname="CustomerTest" name="Gender, valid (Female)" time="0.002"/>
  <testcase classname="CustomerTest" name="NIC, valid" time="0.002"/>
  <testcase classname="CustomerTest" name="Last name, valid" time="0.008"/>
  <testcase classname="CustomerTest" name="First name, invalid (Numbers in name)" time="0.003"/>
  <testcase classname="CustomerTest" name="Date of birth, invalid (Illegal format)" time="0.003"/>
  <testcase classname="CustomerTest" name="Address, invalid" time="0.002"/>
  <testcase classname="CustomerTest" name="Address, valid" time="0.002"/>
  <testcase classname="CustomerTest" name="First name, valid with apostrophe" time="0.002"/>
  <testcase classname="CustomerTest" name="Phone number, numerical input over 14 characters" time="0.002"/>
  <testcase classname="CustomerTest" name="First name, invalid (Numbers in name)" time="0.002"/>
  <testcase classname="CustomerTest" name="Date of birth, valid" time="0.002"/>
  <testcase classname="CustomerTest" name="Phone number, numerical input under 7 characters" time="0.002"/>
  <testcase classname="CustomerTest" name="First name, invalid (Symbols in name)" time="0.002"/>
  <testcase classname="CustomerTest" name="Gender, invalid (Not Male or Female)" time="0.002"/>
  <testcase classname="CustomerTest" name="Gender, valid (Male)" time="0.002"/>
  <testcase classname="FlightTest" name="Id, invalid (Not enough digits)" time="0.006"/>
  <testcase classname="FlightTest" name="Id, invalid (Too many digits)" time="0"/>
  <testcase classname="FlightTest" name="Id, invalid (Improper prefix)" time="0"/>
  <testcase classname="FlightTest" name="Id, valid" time="0.001"/>
  <testcase classname="addCustomerTest" name="Just run - testing coverage" time="0.263"/>
  <testcase classname="addFlightTest" name="testFields()" time="0"/>
  <testcase classname="LoginTest" name="test()" time="1.34"/>
  <testcase classname="searchCustomerTest" name="Search by Customer ID, valid ID" time="0.03"/>
  <testcase classname="searchCustomerTest" name="Search by Customer ID, SQLException" time="0.004"/>
  <testcase classname="ticketReportTest" name="Change price based on number of seats" time="0.021"/>
  <testcase classname="ticketTest" name="Retrieve list of flights from India to Uk" time="0.044"/>
  <testcase classname="userCreationTest" name="Just run - testing coverage" time="0"/>
  <testcase classname="AutoIDServiceTest" name="testAutoIDInvalid()" time="0"/>
</testsuite>